<?xml version="1.0" encoding="UTF-8"?>
<testng-results total="2" passed="2" failed="0" skipped="0">
  <reporter-output>
  </reporter-output>
  <suite started-at="2025-02-26T15:58:40Z" name="Suite" finished-at="2025-02-26T15:58:55Z" duration-ms="14902">
    <groups>
    </groups>
    <test started-at="2025-02-26T15:58:40Z" name="Test" finished-at="2025-02-26T15:58:55Z" duration-ms="14902">
      <class name="TestScript.AddUserTestScript">
        <test-method is-config="true" signature="OpenBrowser(java.lang.String)[pri:0, instance:TestScript.AddUserTestScript@4f80542f]" started-at="2025-02-26T21:28:47Z" name="OpenBrowser" finished-at="2025-02-26T21:28:51Z" duration-ms="4004" status="PASS">
          <params>
            <param index="0">
              <value>
                <![CDATA[chrome]]>
              </value>
            </param>
          </params>
          <reporter-output>
          </reporter-output>
        </test-method> <!-- OpenBrowser -->
        <test-method signature="verifyAddUser()[pri:0, instance:TestScript.AddUserTestScript@4f80542f]" started-at="2025-02-26T21:28:51Z" name="verifyAddUser" finished-at="2025-02-26T21:28:54Z" duration-ms="3169" status="PASS">
          <reporter-output>
          </reporter-output>
        </test-method> <!-- verifyAddUser -->
        <test-method is-config="true" signature="closeBrowser()[pri:0, instance:TestScript.AddUserTestScript@4f80542f]" started-at="2025-02-26T21:28:54Z" name="closeBrowser" finished-at="2025-02-26T21:28:55Z" duration-ms="560" status="PASS">
          <reporter-output>
          </reporter-output>
        </test-method> <!-- closeBrowser -->
      </class> <!-- TestScript.AddUserTestScript -->
      <class name="TestScript.LoginScript">
        <test-method is-config="true" signature="OpenBrowser(java.lang.String)[pri:0, instance:TestScript.LoginScript@18df8434]" started-at="2025-02-26T21:28:40Z" name="OpenBrowser" finished-at="2025-02-26T21:28:44Z" duration-ms="3752" status="PASS">
          <params>
            <param index="0">
              <value>
                <![CDATA[chrome]]>
              </value>
            </param>
          </params>
          <reporter-output>
          </reporter-output>
        </test-method> <!-- OpenBrowser -->
        <test-method signature="verifyLogin()[pri:0, instance:TestScript.LoginScript@18df8434]" started-at="2025-02-26T21:28:44Z" name="verifyLogin" finished-at="2025-02-26T21:28:47Z" duration-ms="2819" status="PASS">
          <reporter-output>
          </reporter-output>
        </test-method> <!-- verifyLogin -->
        <test-method is-config="true" signature="closeBrowser()[pri:0, instance:TestScript.LoginScript@18df8434]" started-at="2025-02-26T21:28:47Z" name="closeBrowser" finished-at="2025-02-26T21:28:47Z" duration-ms="577" status="PASS">
          <reporter-output>
          </reporter-output>
        </test-method> <!-- closeBrowser -->
      </class> <!-- TestScript.LoginScript -->
    </test> <!-- Test -->
  </suite> <!-- Suite -->
</testng-results>
