<?xml version="1.0" encoding="UTF-8"?>
<testng-results ignored="0" total="2" passed="2" failed="0" skipped="0">
  <reporter-output>
  </reporter-output>
  <suite started-at="2025-08-26T15:56:47 IST" name="Suite" finished-at="2025-08-26T15:56:54 IST" duration-ms="6720">
    <groups>
    </groups>
    <test started-at="2025-08-26T15:56:47 IST" name="Regression" finished-at="2025-08-26T15:56:54 IST" duration-ms="6720">
      <class name="TestScript.AddUserTestScript">
        <test-method is-config="true" signature="OpenBrowser(java.lang.String)[pri:0, instance:TestScript.AddUserTestScript@6989da5e]" started-at="2025-08-26T15:56:47 IST" name="OpenBrowser" finished-at="2025-08-26T15:56:50 IST" duration-ms="2581" status="PASS">
          <params>
            <param index="0">
              <value>
                <![CDATA[chrome]]>
              </value>
            </param>
          </params>
          <reporter-output>
          </reporter-output>
        </test-method> <!-- OpenBrowser -->
        <test-method signature="verifyAddUser()[pri:0, instance:TestScript.AddUserTestScript@6989da5e]" started-at="2025-08-26T15:56:50 IST" name="verifyAddUser" finished-at="2025-08-26T15:56:51 IST" duration-ms="1921" status="PASS">
          <reporter-output>
          </reporter-output>
        </test-method> <!-- verifyAddUser -->
        <test-method is-config="true" signature="closeBrowser()[pri:0, instance:TestScript.AddUserTestScript@6989da5e]" started-at="2025-08-26T15:56:52 IST" name="closeBrowser" finished-at="2025-08-26T15:56:52 IST" duration-ms="259" status="PASS">
          <reporter-output>
          </reporter-output>
        </test-method> <!-- closeBrowser -->
      </class> <!-- TestScript.AddUserTestScript -->
      <class name="TestScript.LoginScript">
        <test-method is-config="true" signature="OpenBrowser(java.lang.String)[pri:0, instance:TestScript.LoginScript@229f66ed]" started-at="2025-08-26T15:56:52 IST" name="OpenBrowser" finished-at="2025-08-26T15:56:53 IST" duration-ms="1004" status="PASS">
          <params>
            <param index="0">
              <value>
                <![CDATA[chrome]]>
              </value>
            </param>
          </params>
          <reporter-output>
          </reporter-output>
        </test-method> <!-- OpenBrowser -->
        <test-method signature="verifyLogin()[pri:0, instance:TestScript.LoginScript@229f66ed]" started-at="2025-08-26T15:56:53 IST" name="verifyLogin" finished-at="2025-08-26T15:56:53 IST" duration-ms="415" status="PASS">
          <reporter-output>
          </reporter-output>
        </test-method> <!-- verifyLogin -->
        <test-method is-config="true" signature="closeBrowser()[pri:0, instance:TestScript.LoginScript@229f66ed]" started-at="2025-08-26T15:56:53 IST" name="closeBrowser" finished-at="2025-08-26T15:56:54 IST" duration-ms="172" status="PASS">
          <reporter-output>
          </reporter-output>
        </test-method> <!-- closeBrowser -->
      </class> <!-- TestScript.LoginScript -->
    </test> <!-- Regression -->
  </suite> <!-- Suite -->
</testng-results>
