<?xml version="1.0" encoding="UTF-8"?>
<testng-results ignored="0" total="2" passed="2" failed="0" skipped="0">
  <reporter-output>
  </reporter-output>
  <suite started-at="2025-08-25T18:05:41 IST" name="Suite" finished-at="2025-08-25T18:05:47 IST" duration-ms="5772">
    <groups>
    </groups>
    <test started-at="2025-08-25T18:05:41 IST" name="Regression" finished-at="2025-08-25T18:05:47 IST" duration-ms="5772">
      <class name="TestScript.AddUserTestScript">
        <test-method is-config="true" signature="OpenBrowser(java.lang.String)[pri:0, instance:TestScript.AddUserTestScript@6989da5e]" started-at="2025-08-25T18:05:41 IST" name="OpenBrowser" finished-at="2025-08-25T18:05:43 IST" duration-ms="1794" status="PASS">
          <params>
            <param index="0">
              <value>
                <![CDATA[chrome]]>
              </value>
            </param>
          </params>
          <reporter-output>
          </reporter-output>
        </test-method> <!-- OpenBrowser -->
        <test-method signature="verifyAddUser()[pri:0, instance:TestScript.AddUserTestScript@6989da5e]" started-at="2025-08-25T18:05:43 IST" name="verifyAddUser" finished-at="2025-08-25T18:05:45 IST" duration-ms="1868" status="PASS">
          <reporter-output>
          </reporter-output>
        </test-method> <!-- verifyAddUser -->
        <test-method is-config="true" signature="closeBrowser()[pri:0, instance:TestScript.AddUserTestScript@6989da5e]" started-at="2025-08-25T18:05:45 IST" name="closeBrowser" finished-at="2025-08-25T18:05:45 IST" duration-ms="229" status="PASS">
          <reporter-output>
          </reporter-output>
        </test-method> <!-- closeBrowser -->
      </class> <!-- TestScript.AddUserTestScript -->
      <class name="TestScript.LoginScript">
        <test-method is-config="true" signature="OpenBrowser(java.lang.String)[pri:0, instance:TestScript.LoginScript@229f66ed]" started-at="2025-08-25T18:05:45 IST" name="OpenBrowser" finished-at="2025-08-25T18:05:46 IST" duration-ms="981" status="PASS">
          <params>
            <param index="0">
              <value>
                <![CDATA[chrome]]>
              </value>
            </param>
          </params>
          <reporter-output>
          </reporter-output>
        </test-method> <!-- OpenBrowser -->
        <test-method signature="verifyLogin()[pri:0, instance:TestScript.LoginScript@229f66ed]" started-at="2025-08-25T18:05:46 IST" name="verifyLogin" finished-at="2025-08-25T18:05:47 IST" duration-ms="364" status="PASS">
          <reporter-output>
          </reporter-output>
        </test-method> <!-- verifyLogin -->
        <test-method is-config="true" signature="closeBrowser()[pri:0, instance:TestScript.LoginScript@229f66ed]" started-at="2025-08-25T18:05:47 IST" name="closeBrowser" finished-at="2025-08-25T18:05:47 IST" duration-ms="185" status="PASS">
          <reporter-output>
          </reporter-output>
        </test-method> <!-- closeBrowser -->
      </class> <!-- TestScript.LoginScript -->
    </test> <!-- Regression -->
  </suite> <!-- Suite -->
</testng-results>
